0 info it worked if it ends with ok
1 verbose cli [ '/Users/danbickford/.nvm/versions/node/v5.5.0/bin/node',
1 verbose cli   '/Users/danbickford/.nvm/versions/node/v5.5.0/bin/npm',
1 verbose cli   'publish' ]
2 info using npm@3.3.12
3 info using node@v5.5.0
4 verbose publish [ '.' ]
5 silly cache add args [ '.', null ]
6 verbose cache add spec .
7 silly cache add parsed spec Result {
7 silly cache add   raw: '.',
7 silly cache add   scope: null,
7 silly cache add   name: null,
7 silly cache add   rawSpec: '.',
7 silly cache add   spec: '/Users/danbickford/Src/personal/node_package_recovery',
7 silly cache add   type: 'directory' }
8 verbose addLocalDirectory /Users/danbickford/.npm/node-package-recovery/0.0.8/package.tgz not in flight; packing
9 info lifecycle node-package-recovery@0.0.8~prepublish: node-package-recovery@0.0.8
10 silly lifecycle node-package-recovery@0.0.8~prepublish: no script for prepublish, continuing
11 verbose tar pack [ '/Users/danbickford/.npm/node-package-recovery/0.0.8/package.tgz',
11 verbose tar pack   '/Users/danbickford/Src/personal/node_package_recovery' ]
12 verbose tarball /Users/danbickford/.npm/node-package-recovery/0.0.8/package.tgz
13 verbose folder /Users/danbickford/Src/personal/node_package_recovery
14 verbose addLocalTarball adding from inside cache /Users/danbickford/.npm/node-package-recovery/0.0.8/package.tgz
15 silly cache afterAdd node-package-recovery@0.0.8
16 verbose afterAdd /Users/danbickford/.npm/node-package-recovery/0.0.8/package/package.json not in flight; writing
17 verbose afterAdd /Users/danbickford/.npm/node-package-recovery/0.0.8/package/package.json written
18 silly publish { name: 'node-package-recovery',
18 silly publish   bin: { npr: './dist/app.js' },
18 silly publish   dependencies:
18 silly publish    { chai: '^3.5.0',
18 silly publish      'grunt-cli': '^1.2.0',
18 silly publish      lodash: '^4.17.4',
18 silly publish      mocha: '^3.2.0',
18 silly publish      sinon: '^1.17.7' },
18 silly publish   devDependencies:
18 silly publish    { 'babel-preset-es2015': '^6.22.0',
18 silly publish      grunt: '^1.0.1',
18 silly publish      'grunt-babel': '^6.0.0',
18 silly publish      'grunt-contrib-uglify': '^2.1.0',
18 silly publish      'grunt-exec': '^1.0.1',
18 silly publish      'load-grunt-tasks': '^3.5.2' },
18 silly publish   version: '0.0.8',
18 silly publish   main: 'Gruntfile.js',
18 silly publish   scripts: { test: 'mocha' },
18 silly publish   author: '',
18 silly publish   license: 'ISC',
18 silly publish   description: '![travisci](https://travis-ci.org/danbickford007/node-package-recovery.svg?branch=master)',
18 silly publish   readme: '## npr\n\n![travisci](https://travis-ci.org/danbickford007/node-package-recovery.svg?branch=master)\n\n[![npm package](https://nodei.co/npm/node-package-recovery.png?downloads=true&downloadRank=true&stars=true)](https://www.npmjs.com/package/node-package-recovery)\n\nDid you `npm install someModule` without the `--save` or didn\'t commit your new app to git \nand accidently removed the `package.json` file? This tool is used to generate a `package.json` \nfile from your `node_modules` directory in such scenario.\n\n#### Install:\n\n###### NPM\n\n`npm install node-package-recovery`\n\n###### From source\n\n`git clone git@github.com:danbickford007/node_module_recovery.git`\n\n`cd node_module_recovery`\n\n`npm install`\n\n`grunt package`\n\n#### Usage :\n\n###### list all modules and versions\n\n`npr list`\n\n###### create a `package.npr.json` file\n\n`npr write`\n\n###### edit your package.json dependencies\n\n`npr edit`\n\n##### Dev\n\nInstall: `grunt package`\n\n###### Test\n\nRun tests within `tests/` directory\n\n`./../node_modules/mocha/bin/mocha .`\n',
18 silly publish   readmeFilename: 'README.md',
18 silly publish   gitHead: '17526ca651abbec135bb03fbf559e51ef604293d',
18 silly publish   _id: 'node-package-recovery@0.0.8',
18 silly publish   _shasum: '21b8e14f3f6b5e25b39571a9591cd6fd64a028b6',
18 silly publish   _from: '.' }
19 verbose getPublishConfig undefined
20 silly mapToRegistry name node-package-recovery
21 silly mapToRegistry using default registry
22 silly mapToRegistry registry https://registry.npmjs.org/
23 silly mapToRegistry uri https://registry.npmjs.org/node-package-recovery
24 verbose publish registryBase https://registry.npmjs.org/
25 silly publish uploading /Users/danbickford/.npm/node-package-recovery/0.0.8/package.tgz
26 verbose request uri https://registry.npmjs.org/node-package-recovery
27 verbose request sending authorization for write operation
28 info attempt registry request try #1 at 11:56:01 PM
29 verbose request using bearer token for auth
30 verbose request id 61a418d0d717f64b
31 http request PUT https://registry.npmjs.org/node-package-recovery
32 http 403 https://registry.npmjs.org/node-package-recovery
33 verbose headers { 'content-type': 'application/json',
33 verbose headers   'cache-control': 'max-age=300',
33 verbose headers   'content-length': '95',
33 verbose headers   'accept-ranges': 'bytes',
33 verbose headers   date: 'Sat, 25 Feb 2017 04:56:02 GMT',
33 verbose headers   via: '1.1 varnish',
33 verbose headers   connection: 'keep-alive',
33 verbose headers   'x-served-by': 'cache-atl6235-ATL',
33 verbose headers   'x-cache': 'MISS',
33 verbose headers   'x-cache-hits': '0',
33 verbose headers   'x-timer': 'S1487998561.784978,VS0,VE770',
33 verbose headers   vary: 'Accept-Encoding' }
34 verbose request invalidating /Users/danbickford/.npm/registry.npmjs.org/node-package-recovery on PUT
35 error publish Failed PUT 403
36 verbose stack Error: "You cannot publish over the previously published version 0.0.8." : node-package-recovery
36 verbose stack     at makeError (/Users/danbickford/.nvm/versions/node/v5.5.0/lib/node_modules/npm/node_modules/npm-registry-client/lib/request.js:264:12)
36 verbose stack     at CachingRegistryClient.<anonymous> (/Users/danbickford/.nvm/versions/node/v5.5.0/lib/node_modules/npm/node_modules/npm-registry-client/lib/request.js:252:14)
36 verbose stack     at Request._callback (/Users/danbickford/.nvm/versions/node/v5.5.0/lib/node_modules/npm/node_modules/npm-registry-client/lib/request.js:172:14)
36 verbose stack     at Request.self.callback (/Users/danbickford/.nvm/versions/node/v5.5.0/lib/node_modules/npm/node_modules/request/request.js:198:22)
36 verbose stack     at emitTwo (events.js:100:13)
36 verbose stack     at Request.emit (events.js:185:7)
36 verbose stack     at Request.<anonymous> (/Users/danbickford/.nvm/versions/node/v5.5.0/lib/node_modules/npm/node_modules/request/request.js:1082:10)
36 verbose stack     at emitOne (events.js:95:20)
36 verbose stack     at Request.emit (events.js:182:7)
36 verbose stack     at IncomingMessage.<anonymous> (/Users/danbickford/.nvm/versions/node/v5.5.0/lib/node_modules/npm/node_modules/request/request.js:1009:12)
37 verbose statusCode 403
38 verbose pkgid node-package-recovery
39 verbose cwd /Users/danbickford/Src/personal/node_package_recovery
40 error Darwin 16.4.0
41 error argv "/Users/danbickford/.nvm/versions/node/v5.5.0/bin/node" "/Users/danbickford/.nvm/versions/node/v5.5.0/bin/npm" "publish"
42 error node v5.5.0
43 error npm  v3.3.12
44 error code E403
45 error "You cannot publish over the previously published version 0.0.8." : node-package-recovery
46 error If you need help, you may report this error at:
46 error     <https://github.com/npm/npm/issues>
47 verbose exit [ 1, true ]
